Build started 2014-11-07 14:23:12.
     1>Project "C:\Users\Carl\TestProject\ConsoleApplication1\ConsoleApplication1\ConsoleApplication1.vcxproj" on node 2 (Build target(s)).
     1>ClCompile:
         C:\Program Files (x86)\Microsoft Visual Studio 12.0\VC\bin\CL.exe /c /ZI /nologo /W3 /WX- /sdl /Od /Oy- /D WIN32 /D _DEBUG /D _CONSOLE /D _LIB /D _UNICODE /D UNICODE /Gm /EHsc /RTC1 /MDd /GS /fp:precise /Zc:wchar_t /Zc:forScope /Fo"Debug\\" /Fd"Debug\vc120.pdb" /Gd /TP /analyze- /errorReport:prompt Main.cpp
         Main.cpp
     1>c:\users\carl\testproject\consoleapplication1\consoleapplication1\main.cpp(9): error C2065: 'dgs' : undeclared identifier
     1>c:\users\carl\testproject\consoleapplication1\consoleapplication1\main.cpp(9): error C2146: syntax error : missing ';' before identifier 'dg'
     1>c:\users\carl\testproject\consoleapplication1\consoleapplication1\main.cpp(10): error C2065: 'dg' : undeclared identifier
     1>c:\users\carl\testproject\consoleapplication1\consoleapplication1\main.cpp(10): error C2146: syntax error : missing ';' before identifier 'dsg'
     1>c:\users\carl\testproject\consoleapplication1\consoleapplication1\main.cpp(11): error C2065: 'dsg' : undeclared identifier
     1>c:\users\carl\testproject\consoleapplication1\consoleapplication1\main.cpp(11): error C2146: syntax error : missing ';' before identifier 'sdg'
     1>c:\users\carl\testproject\consoleapplication1\consoleapplication1\main.cpp(12): error C2065: 'sdg' : undeclared identifier
     1>c:\users\carl\testproject\consoleapplication1\consoleapplication1\main.cpp(12): error C2146: syntax error : missing ';' before identifier 'as'
     1>c:\users\carl\testproject\consoleapplication1\consoleapplication1\main.cpp(13): error C2065: 'as' : undeclared identifier
     1>c:\users\carl\testproject\consoleapplication1\consoleapplication1\main.cpp(13): error C2146: syntax error : missing ';' before identifier 'das'
     1>c:\users\carl\testproject\consoleapplication1\consoleapplication1\main.cpp(14): error C2065: 'das' : undeclared identifier
     1>c:\users\carl\testproject\consoleapplication1\consoleapplication1\main.cpp(14): error C2146: syntax error : missing ';' before identifier 'fsa'
     1>c:\users\carl\testproject\consoleapplication1\consoleapplication1\main.cpp(20): error C2065: 'fsa' : undeclared identifier
     1>c:\users\carl\testproject\consoleapplication1\consoleapplication1\main.cpp(20): error C2146: syntax error : missing ';' before identifier 'fa'
     1>c:\users\carl\testproject\consoleapplication1\consoleapplication1\main.cpp(20): error C2065: 'fa' : undeclared identifier
     1>c:\users\carl\testproject\consoleapplication1\consoleapplication1\main.cpp(20): error C2143: syntax error : missing ';' before 'return'
     1>Done Building Project "C:\Users\Carl\TestProject\ConsoleApplication1\ConsoleApplication1\ConsoleApplication1.vcxproj" (Build target(s)) -- FAILED.

Build FAILED.

Time Elapsed 00:00:00.45
